#
# A fatal error has been detected by the Java Runtime Environment:
#
#  SIGBUS (0x7) at pc=0x00007f5c42bc0977, pid=18, tid=0x00007f5c41f2c640
#
# JRE version: OpenJDK Runtime Environment (8.0_322) (build 1.8.0_322-ga)
# Java VM: OpenJDK 64-Bit Server VM (25.322-bga mixed mode linux-amd64 compressed oops)
# Problematic frame:
# V  [libjvm.so+0xa63977]  SystemDictionary::load_instance_class(Symbol*, Handle, Thread*)+0x227
#
# Core dump written. Default location: /home/runner/Bungee-that-works-well-with-Aternos/Bungee/core or core.18
#
# If you would like to submit a bug report, please visit:
#   http://bugreport.java.com/bugreport/crash.jsp
#

---------------  T H R E A D  ---------------

Current thread (0x00007f5c3c00a000):  JavaThread "main" [_thread_in_vm, id=19, stack(0x00007f5c41e2d000,0x00007f5c41f2d000)]

siginfo: si_signo: 7 (SIGBUS), si_code: 2 (BUS_ADRERR), si_addr: 0x00007f5c41dd6cd0

Registers:
RAX=0x00007f5c41dd6cd0, RBX=0x00007f5c4094ed90, RCX=0x0000000000000000, RDX=0x000000000000005a
RSP=0x00007f5c41f2a920, RBP=0x00007f5c41f2a9e0, RSI=0x0000000000000000, RDI=0x0000000000000000
R8 =0x0000000000000000, R9 =0x0000000000000000, R10=0x0000000000000000, R11=0x0000000000000000
R12=0x00007f5c3c00a000, R13=0x00007f5c42eb96f0, R14=0x0000000000000000, R15=0x0000000000000000
RIP=0x00007f5c42bc0977, EFLAGS=0x0000000000010216, CSGSFS=0x002b000000000033, ERR=0x0000000000000006
  TRAPNO=0x000000000000000e

Top of Stack: (sp=0x00007f5c41f2a920)
0x00007f5c41f2a920:   00007f5c41f2a980 00007f5c42427916
0x00007f5c41f2a930:   0000000000000000 0000000000000000
0x00007f5c41f2a940:   0000000000000000 0000000000000000
0x00007f5c41f2a950:   0000000000000000 0000000000000001
0x00007f5c41f2a960:   000000000000005a 0000009b16965d27
0x00007f5c41f2a970:   00007f5c3c05da00 00007f5c3c016b60
0x00007f5c41f2a980:   0000000000000000 00007f5c42af36f5
0x00007f5c41f2a990:   00007f5c3c026700 00007f5c3c05af40
0x00007f5c41f2a9a0:   00007f5c54671f95 0000000000000000
0x00007f5c41f2a9b0:   00007f5c3c00a000 0000000000000000
0x00007f5c41f2a9c0:   00007f5c3c00a000 0000000000000000
0x00007f5c41f2a9d0:   00007f5c4094ed90 00007f5c3c026700
0x00007f5c41f2a9e0:   00007f5c41f2aad0 00007f5c42bc164a
0x00007f5c41f2a9f0:   0000000000000000 0000000000000000
0x00007f5c41f2aa00:   00007f5c3c008210 00007f5c41f2aa50
0x00007f5c41f2aa10:   00007f5c3c00aa18 000000015d3e754f
0x00007f5c41f2aa20:   0000000000000000 0000000100002800
0x00007f5c41f2aa30:   0000023b0000023b 0000000000000000
0x00007f5c41f2aa40:   000000005d3e754f 0000000000000001
0x00007f5c41f2aa50:   00007f5c3c00a000 00007f5c3c00aa18
0x00007f5c41f2aa60:   000002af00000100 00007f5c4093e100
0x00007f5c41f2aa70:   0000000000000000 0000000000000000
0x00007f5c41f2aa80:   00007f5c3c3ef400 00007f5c41f2ab80
0x00007f5c41f2aa90:   00007f5c3c00a000 00007f5c42aa4799
0x00007f5c41f2aaa0:   00007f5c3c00a000 0000000000000001
0x00007f5c41f2aab0:   00007f5c4094ed90 0000000000000000
0x00007f5c41f2aac0:   00007f5c3c00a000 0000000000000000
0x00007f5c41f2aad0:   00007f5c41f2ab60 00007f5c42bc3396
0x00007f5c41f2aae0:   0000000000000000 00007f5c3c00a000
0x00007f5c41f2aaf0:   0000000000000000 00007f5c2d01833b
0x00007f5c41f2ab00:   0000000000000000 000000000000000c
0x00007f5c41f2ab10:   00000000eb53db68 00007f5c41f2ab18 

Instructions: (pc=0x00007f5c42bc0977)
0x00007f5c42bc0957:   8b 02 83 e8 01 89 02 85 c0 7f ae 48 8d 7d 80 e8
0x00007f5c42bc0967:   75 e0 03 00 48 8b 45 98 48 8b 55 80 48 8b 40 28
0x00007f5c42bc0977:   48 01 10 eb 94 0f 1f 40 00 4c 89 e1 ba 2e 00 00
0x00007f5c42bc0987:   00 be 2f 00 00 00 48 89 c7 4c 89 9d 60 ff ff ff 

Register to memory mapping:

RAX=0x00007f5c41dd6cd0 is an unknown value
RBX=0x00007f5c4094ed90 is an unknown value
RCX=0x0000000000000000 is an unknown value
RDX=0x000000000000005a is an unknown value
RSP=0x00007f5c41f2a920 is pointing into the stack for thread: 0x00007f5c3c00a000
RBP=0x00007f5c41f2a9e0 is pointing into the stack for thread: 0x00007f5c3c00a000
RSI=0x0000000000000000 is an unknown value
RDI=0x0000000000000000 is an unknown value
R8 =0x0000000000000000 is an unknown value
R9 =0x0000000000000000 is an unknown value
R10=0x0000000000000000 is an unknown value
R11=0x0000000000000000 is an unknown value
R12=0x00007f5c3c00a000 is a thread
R13=0x00007f5c42eb96f0: <offset 0xd5c6f0> in /nix/store/arja5b2nhs4z9ajrcx4wiipjywcw1ip6-openjdk-8u322-ga-jre/lib/openjdk/jre/lib/amd64/server/libjvm.so at 0x00007f5c4215d000
R14=0x0000000000000000 is an unknown value
R15=0x0000000000000000 is an unknown value


Stack: [0x00007f5c41e2d000,0x00007f5c41f2d000],  sp=0x00007f5c41f2a920,  free space=1014k
Native frames: (J=compiled Java code, j=interpreted, Vv=VM code, C=native code)
V  [libjvm.so+0xa63977]  SystemDictionary::load_instance_class(Symbol*, Handle, Thread*)+0x227
V  [libjvm.so+0xa6464a]  SystemDictionary::resolve_instance_class_or_null(Symbol*, Handle, Handle, Thread*)+0xa5a
V  [libjvm.so+0xa66396]  SystemDictionary::resolve_or_fail(Symbol*, Handle, Handle, bool, Thread*)+0x56
V  [libjvm.so+0x4c883e]  ConstantPool::klass_at_impl(constantPoolHandle, int, Thread*)+0x23e
V  [libjvm.so+0x666967]  InterpreterRuntime::_new(JavaThread*, ConstantPool*, int)+0x97
j  java.lang.Throwable.printStackTrace(Ljava/io/PrintStream;)V+1
j  java.lang.ThreadGroup.uncaughtException(Ljava/lang/Thread;Ljava/lang/Throwable;)V+82
j  java.lang.ThreadGroup.uncaughtException(Ljava/lang/Thread;Ljava/lang/Throwable;)V+13
j  java.lang.Thread.dispatchUncaughtException(Ljava/lang/Throwable;)V+6
v  ~StubRoutines::call_stub
V  [libjvm.so+0x6773d5]  JavaCalls::call_helper(JavaValue*, methodHandle*, JavaCallArguments*, Thread*)+0xc95
V  [libjvm.so+0x674c47]  JavaCalls::call_virtual(JavaValue*, KlassHandle, Symbol*, Symbol*, JavaCallArguments*, Thread*)+0x257
V  [libjvm.so+0x675284]  JavaCalls::call_virtual(JavaValue*, Handle, KlassHandle, Symbol*, Symbol*, Handle, Thread*)+0x74
V  [libjvm.so+0xa98e7e]  JavaThread::exit(bool, JavaThread::ExitType)+0x59e
